<?xml version="1.0" encoding="UTF-8"?>
<!-- Generated by org.testng.reporters.JUnitXMLReporter -->
<testsuite ignored="0" hostname="LAPTOP-4FN0AGO1" failures="0" tests="15" name="Chrometest" time="40.091" errors="0" timestamp="2023-04-05T11:20:30 IST">
  <testcase classname="test.ToVarifyAdressProceedToCkeckOutPage" name="@BeforeMethod OpenBrowser" time="5.167">
    <failure type="java.lang.NullPointerException" message="Cannot invoke &amp;quot;org.openqa.selenium.WebDriver.get(String)&amp;quot; because &amp;quot;pojo.Browser.driver&amp;quot; is null">
      <![CDATA[java.lang.NullPointerException: Cannot invoke "org.openqa.selenium.WebDriver.get(String)" because "pojo.Browser.driver" is null
at pojo.Browser.launchBrowser(Browser.java:39)
at test.ToVarifyAdressProceedToCkeckOutPage.OpenBrowser(ToVarifyAdressProceedToCkeckOutPage.java:23)
at java.base/java.util.ArrayList.forEach(ArrayList.java:1511)
... Removed 31 stack frames]]>
    </failure>
  </testcase> <!-- @BeforeMethod OpenBrowser -->
  <testcase classname="test.VarifyLogoutPageFeatures" name="@BeforeMethod openBrowser" time="1.783">
    <failure type="java.lang.NullPointerException" message="Cannot invoke &amp;quot;org.openqa.selenium.WebDriver.get(String)&amp;quot; because &amp;quot;pojo.Browser.driver&amp;quot; is null">
      <![CDATA[java.lang.NullPointerException: Cannot invoke "org.openqa.selenium.WebDriver.get(String)" because "pojo.Browser.driver" is null
at pojo.Browser.launchBrowser(Browser.java:39)
at test.VarifyLogoutPageFeatures.openBrowser(VarifyLogoutPageFeatures.java:23)
at java.base/java.util.ArrayList.forEach(ArrayList.java:1511)
... Removed 31 stack frames]]>
    </failure>
  </testcase> <!-- @BeforeMethod openBrowser -->
  <testcase classname="test.ToVarifyProceedToCheckInCart" name="@BeforeMethod OpenBrowser" time="2.684">
    <failure type="java.lang.NullPointerException" message="Cannot invoke &amp;quot;org.openqa.selenium.WebDriver.get(String)&amp;quot; because &amp;quot;pojo.Browser.driver&amp;quot; is null">
      <![CDATA[java.lang.NullPointerException: Cannot invoke "org.openqa.selenium.WebDriver.get(String)" because "pojo.Browser.driver" is null
at pojo.Browser.launchBrowser(Browser.java:39)
at test.ToVarifyProceedToCheckInCart.OpenBrowser(ToVarifyProceedToCheckInCart.java:24)
at java.base/java.util.ArrayList.forEach(ArrayList.java:1511)
... Removed 31 stack frames]]>
    </failure>
  </testcase> <!-- @BeforeMethod OpenBrowser -->
  <testcase classname="test.VarifyLoginFeaturesNaaptol" name="@BeforeMethod openBrowser" time="3.31">
    <failure type="java.lang.NullPointerException" message="Cannot invoke &amp;quot;org.openqa.selenium.WebDriver.get(String)&amp;quot; because &amp;quot;pojo.Browser.driver&amp;quot; is null">
      <![CDATA[java.lang.NullPointerException: Cannot invoke "org.openqa.selenium.WebDriver.get(String)" because "pojo.Browser.driver" is null
at pojo.Browser.launchBrowser(Browser.java:39)
at test.VarifyLoginFeaturesNaaptol.openBrowser(VarifyLoginFeaturesNaaptol.java:22)
at java.base/java.util.ArrayList.forEach(ArrayList.java:1511)
... Removed 31 stack frames]]>
    </failure>
  </testcase> <!-- @BeforeMethod openBrowser -->
  <testcase classname="test.VarifyTheAddToCArtButtonOfNaaptol" name="@BeforeMethod browserOpen" time="4.539">
    <failure type="java.lang.NullPointerException" message="Cannot invoke &amp;quot;org.openqa.selenium.WebDriver.get(String)&amp;quot; because &amp;quot;pojo.Browser.driver&amp;quot; is null">
      <![CDATA[java.lang.NullPointerException: Cannot invoke "org.openqa.selenium.WebDriver.get(String)" because "pojo.Browser.driver" is null
at pojo.Browser.launchBrowser(Browser.java:39)
at test.VarifyTheAddToCArtButtonOfNaaptol.browserOpen(VarifyTheAddToCArtButtonOfNaaptol.java:22)
at java.base/java.util.ArrayList.forEach(ArrayList.java:1511)
... Removed 31 stack frames]]>
    </failure>
  </testcase> <!-- @BeforeMethod browserOpen -->
  <testcase classname="test.VarifyTheFeedBackForm" name="@BeforeMethod openBrowser" time="5.817">
    <failure type="java.lang.NullPointerException" message="Cannot invoke &amp;quot;org.openqa.selenium.WebDriver.get(String)&amp;quot; because &amp;quot;pojo.Browser.driver&amp;quot; is null">
      <![CDATA[java.lang.NullPointerException: Cannot invoke "org.openqa.selenium.WebDriver.get(String)" because "pojo.Browser.driver" is null
at pojo.Browser.launchBrowser(Browser.java:39)
at test.VarifyTheFeedBackForm.openBrowser(VarifyTheFeedBackForm.java:21)
at java.base/java.util.ArrayList.forEach(ArrayList.java:1511)
... Removed 31 stack frames]]>
    </failure>
  </testcase> <!-- @BeforeMethod openBrowser -->
  <testcase classname="test.ToVarifyCustomerIsAbleToRemoveProductFromCart" name="@BeforeMethod BrowserOpen" time="-1.680673813854E9">
    <failure type="org.testng.TestNGException" message="
Parameter &amp;apos;browser&amp;apos; is required by BeforeMethod on method BrowserOpen but has not been marked @Optional or defined
in C:\eclipse workplace\Naaptol\testng.xml">
      <![CDATA[org.testng.TestNGException: 
Parameter 'browser' is required by BeforeMethod on method BrowserOpen but has not been marked @Optional or defined
in C:\eclipse workplace\Naaptol\testng.xml
at java.base/java.util.ArrayList.forEach(ArrayList.java:1511)
... Removed 28 stack frames]]>
    </failure>
  </testcase> <!-- @BeforeMethod BrowserOpen -->
  <testcase classname="test.VarifyIfCustomerAbleToAddMultipleProductToCart" name="@BeforeMethod BrowserOpen" time="3.994">
    <failure type="java.lang.NullPointerException" message="Cannot invoke &amp;quot;org.openqa.selenium.WebDriver.get(String)&amp;quot; because &amp;quot;pojo.Browser.driver&amp;quot; is null">
      <![CDATA[java.lang.NullPointerException: Cannot invoke "org.openqa.selenium.WebDriver.get(String)" because "pojo.Browser.driver" is null
at pojo.Browser.launchBrowser(Browser.java:39)
at test.VarifyIfCustomerAbleToAddMultipleProductToCart.BrowserOpen(VarifyIfCustomerAbleToAddMultipleProductToCart.java:23)
at java.base/java.util.ArrayList.forEach(ArrayList.java:1511)
... Removed 31 stack frames]]>
    </failure>
  </testcase> <!-- @BeforeMethod BrowserOpen -->
  <testcase classname="test.VarifyIfCustomerIsAbleToAddProductToCart" name="@BeforeMethod browserOpen" time="5.274">
    <failure type="org.openqa.selenium.SessionNotCreatedException" message="Could not start a new session. Response code 500. Message: unknown error: Chrome failed to start: exited normally.
  (chrome not reachable)
  (The process started from chrome location C:\Program Files\Google\Chrome\Application\chrome.exe is no longer running, so ChromeDriver is assuming that Chrome has crashed.) 
Host info: host: &amp;apos;LAPTOP-4FN0AGO1&amp;apos;, ip: &amp;apos;192.168.43.15&amp;apos;
Build info: version: &amp;apos;4.8.1&amp;apos;, revision: &amp;apos;8ebccac989&amp;apos;
System info: os.name: &amp;apos;Windows 11&amp;apos;, os.arch: &amp;apos;amd64&amp;apos;, os.version: &amp;apos;10.0&amp;apos;, java.version: &amp;apos;17.0.5&amp;apos;
Driver info: org.openqa.selenium.chrome.ChromeDriver
Command: [null, newSession {capabilities=[Capabilities {browserName: chrome, goog:chromeOptions: {args: [--remote-allow-origins=*], extensions: []}}], desiredCapabilities=Capabilities {browserName: chrome, goog:chromeOptions: {args: [--remote-allow-origins=*], extensions: []}}}]">
      <![CDATA[org.openqa.selenium.SessionNotCreatedException: Could not start a new session. Response code 500. Message: unknown error: Chrome failed to start: exited normally.
  (chrome not reachable)
  (The process started from chrome location C:\Program Files\Google\Chrome\Application\chrome.exe is no longer running, so ChromeDriver is assuming that Chrome has crashed.) 
Host info: host: 'LAPTOP-4FN0AGO1', ip: '192.168.43.15'
Build info: version: '4.8.1', revision: '8ebccac989'
System info: os.name: 'Windows 11', os.arch: 'amd64', os.version: '10.0', java.version: '17.0.5'
Driver info: org.openqa.selenium.chrome.ChromeDriver
Command: [null, newSession {capabilities=[Capabilities {browserName: chrome, goog:chromeOptions: {args: [--remote-allow-origins=*], extensions: []}}], desiredCapabilities=Capabilities {browserName: chrome, goog:chromeOptions: {args: [--remote-allow-origins=*], extensions: []}}}]
at org.openqa.selenium.remote.ProtocolHandshake.createSession(ProtocolHandshake.java:148)
at org.openqa.selenium.remote.ProtocolHandshake.createSession(ProtocolHandshake.java:106)
at org.openqa.selenium.remote.ProtocolHandshake.createSession(ProtocolHandshake.java:67)
at org.openqa.selenium.remote.HttpCommandExecutor.execute(HttpCommandExecutor.java:156)
at org.openqa.selenium.remote.service.DriverCommandExecutor.invokeExecute(DriverCommandExecutor.java:167)
at org.openqa.selenium.remote.service.DriverCommandExecutor.execute(DriverCommandExecutor.java:142)
at org.openqa.selenium.remote.RemoteWebDriver.execute(RemoteWebDriver.java:543)
at org.openqa.selenium.remote.RemoteWebDriver.startSession(RemoteWebDriver.java:229)
at org.openqa.selenium.remote.RemoteWebDriver.<init>(RemoteWebDriver.java:157)
at org.openqa.selenium.chromium.ChromiumDriver.<init>(ChromiumDriver.java:101)
at org.openqa.selenium.chrome.ChromeDriver.<init>(ChromeDriver.java:82)
at org.openqa.selenium.chrome.ChromeDriver.<init>(ChromeDriver.java:71)
at pojo.Browser.launchBrowser(Browser.java:23)
at test.VarifyIfCustomerIsAbleToAddProductToCart.browserOpen(VarifyIfCustomerIsAbleToAddProductToCart.java:22)
at java.base/java.util.ArrayList.forEach(ArrayList.java:1511)
... Removed 31 stack frames]]>
    </failure>
  </testcase> <!-- @BeforeMethod browserOpen -->
  <testcase classname="test.VarifyIfCustomerIsAbleToPlace" name="@BeforeMethod openBrowser" time="0.81">
    <failure type="java.lang.NullPointerException" message="Cannot invoke &amp;quot;org.openqa.selenium.WebDriver.get(String)&amp;quot; because &amp;quot;pojo.Browser.driver&amp;quot; is null">
      <![CDATA[java.lang.NullPointerException: Cannot invoke "org.openqa.selenium.WebDriver.get(String)" because "pojo.Browser.driver" is null
at pojo.Browser.launchBrowser(Browser.java:39)
at test.VarifyIfCustomerIsAbleToPlace.openBrowser(VarifyIfCustomerIsAbleToPlace.java:24)
at java.base/java.util.ArrayList.forEach(ArrayList.java:1511)
... Removed 31 stack frames]]>
    </failure>
  </testcase> <!-- @BeforeMethod openBrowser -->
  <testcase classname="test.VerifyProductAreDisplayedSearch" name="@BeforeMethod openBrowser" time="1.899">
    <failure type="java.lang.NullPointerException" message="Cannot invoke &amp;quot;org.openqa.selenium.WebDriver.get(String)&amp;quot; because &amp;quot;pojo.Browser.driver&amp;quot; is null">
      <![CDATA[java.lang.NullPointerException: Cannot invoke "org.openqa.selenium.WebDriver.get(String)" because "pojo.Browser.driver" is null
at pojo.Browser.launchBrowser(Browser.java:39)
at test.VerifyProductAreDisplayedSearch.openBrowser(VerifyProductAreDisplayedSearch.java:25)
at java.base/java.util.ArrayList.forEach(ArrayList.java:1511)
... Removed 31 stack frames]]>
    </failure>
  </testcase> <!-- @BeforeMethod openBrowser -->
  <testcase classname="test.VerifyProductAreDisplayedSearch" name="@BeforeMethod openBrowser" time="0.0">
    <skipped/>
  </testcase> <!-- @BeforeMethod openBrowser -->
  <testcase classname="test.VarifyTheCartPage" name="@BeforeMethod browserOpen" time="1.74">
    <failure type="java.lang.NullPointerException" message="Cannot invoke &amp;quot;org.openqa.selenium.WebDriver.get(String)&amp;quot; because &amp;quot;pojo.Browser.driver&amp;quot; is null">
      <![CDATA[java.lang.NullPointerException: Cannot invoke "org.openqa.selenium.WebDriver.get(String)" because "pojo.Browser.driver" is null
at pojo.Browser.launchBrowser(Browser.java:39)
at test.VarifyTheCartPage.browserOpen(VarifyTheCartPage.java:23)
at java.base/java.util.ArrayList.forEach(ArrayList.java:1511)
... Removed 31 stack frames]]>
    </failure>
  </testcase> <!-- @BeforeMethod browserOpen -->
  <testcase classname="test.VarifyLoginOrRegistrationFunctionality" name="@BeforeMethod openBrowser" time="2.841">
    <failure type="org.openqa.selenium.SessionNotCreatedException" message="Could not start a new session. Response code 500. Message: disconnected: Unable to receive message from renderer
  (failed to check if window was closed: disconnected: not connected to DevTools)
  (Session info: chrome=111.0.5563.147) 
Host info: host: &amp;apos;LAPTOP-4FN0AGO1&amp;apos;, ip: &amp;apos;192.168.43.15&amp;apos;
Build info: version: &amp;apos;4.8.1&amp;apos;, revision: &amp;apos;8ebccac989&amp;apos;
System info: os.name: &amp;apos;Windows 11&amp;apos;, os.arch: &amp;apos;amd64&amp;apos;, os.version: &amp;apos;10.0&amp;apos;, java.version: &amp;apos;17.0.5&amp;apos;
Driver info: org.openqa.selenium.chrome.ChromeDriver
Command: [null, newSession {capabilities=[Capabilities {browserName: chrome, goog:chromeOptions: {args: [--remote-allow-origins=*], extensions: []}}], desiredCapabilities=Capabilities {browserName: chrome, goog:chromeOptions: {args: [--remote-allow-origins=*], extensions: []}}}]">
      <![CDATA[org.openqa.selenium.SessionNotCreatedException: Could not start a new session. Response code 500. Message: disconnected: Unable to receive message from renderer
  (failed to check if window was closed: disconnected: not connected to DevTools)
  (Session info: chrome=111.0.5563.147) 
Host info: host: 'LAPTOP-4FN0AGO1', ip: '192.168.43.15'
Build info: version: '4.8.1', revision: '8ebccac989'
System info: os.name: 'Windows 11', os.arch: 'amd64', os.version: '10.0', java.version: '17.0.5'
Driver info: org.openqa.selenium.chrome.ChromeDriver
Command: [null, newSession {capabilities=[Capabilities {browserName: chrome, goog:chromeOptions: {args: [--remote-allow-origins=*], extensions: []}}], desiredCapabilities=Capabilities {browserName: chrome, goog:chromeOptions: {args: [--remote-allow-origins=*], extensions: []}}}]
at org.openqa.selenium.remote.ProtocolHandshake.createSession(ProtocolHandshake.java:148)
at org.openqa.selenium.remote.ProtocolHandshake.createSession(ProtocolHandshake.java:106)
at org.openqa.selenium.remote.ProtocolHandshake.createSession(ProtocolHandshake.java:67)
at org.openqa.selenium.remote.HttpCommandExecutor.execute(HttpCommandExecutor.java:156)
at org.openqa.selenium.remote.service.DriverCommandExecutor.invokeExecute(DriverCommandExecutor.java:167)
at org.openqa.selenium.remote.service.DriverCommandExecutor.execute(DriverCommandExecutor.java:142)
at org.openqa.selenium.remote.RemoteWebDriver.execute(RemoteWebDriver.java:543)
at org.openqa.selenium.remote.RemoteWebDriver.startSession(RemoteWebDriver.java:229)
at org.openqa.selenium.remote.RemoteWebDriver.<init>(RemoteWebDriver.java:157)
at org.openqa.selenium.chromium.ChromiumDriver.<init>(ChromiumDriver.java:101)
at org.openqa.selenium.chrome.ChromeDriver.<init>(ChromeDriver.java:82)
at org.openqa.selenium.chrome.ChromeDriver.<init>(ChromeDriver.java:71)
at pojo.Browser.launchBrowser(Browser.java:23)
at test.VarifyLoginOrRegistrationFunctionality.openBrowser(VarifyLoginOrRegistrationFunctionality.java:23)
at java.base/java.util.ArrayList.forEach(ArrayList.java:1511)
... Removed 31 stack frames]]>
    </failure>
  </testcase> <!-- @BeforeMethod openBrowser -->
  <testcase classname="test.VarifyLoginOrRegistrationFunctionality" name="@BeforeMethod openBrowser" time="0.0">
    <skipped/>
  </testcase> <!-- @BeforeMethod openBrowser -->
  <testcase classname="test.ToVarifyAdressProceedToCkeckOutPage" name="ToVarifyAddressProceedToChekOutPage" time="0.001">
    <skipped/>
  </testcase> <!-- ToVarifyAddressProceedToChekOutPage -->
  <testcase classname="test.VarifyLogoutPageFeatures" name="VarifyTheWorkingOfLoginButtonWithValiedMobileNumber" time="0.0">
    <skipped/>
  </testcase> <!-- VarifyTheWorkingOfLoginButtonWithValiedMobileNumber -->
  <testcase classname="test.ToVarifyProceedToCheckInCart" name="ToVarifyTheProductChekoutFunctionality" time="0.0">
    <skipped/>
  </testcase> <!-- ToVarifyTheProductChekoutFunctionality -->
  <testcase classname="test.VarifyLoginFeaturesNaaptol" name="VarifyTheWorkingOfLoginButtonWithValiedMobileNumber" time="0.0">
    <skipped/>
  </testcase> <!-- VarifyTheWorkingOfLoginButtonWithValiedMobileNumber -->
  <testcase classname="test.VarifyTheAddToCArtButtonOfNaaptol" name="VarifyTheProductToAddSuccefullyInCart" time="0.0">
    <skipped/>
  </testcase> <!-- VarifyTheProductToAddSuccefullyInCart -->
  <testcase classname="test.VarifyTheFeedBackForm" name="varifyGeneralFeedbackRadioButton" time="0.0">
    <skipped/>
  </testcase> <!-- varifyGeneralFeedbackRadioButton -->
  <testcase classname="test.ToVarifyCustomerIsAbleToRemoveProductFromCart" name="toRemoveSuccessfullyProductToCart" time="0.005">
    <skipped/>
  </testcase> <!-- toRemoveSuccessfullyProductToCart -->
  <testcase classname="test.VarifyIfCustomerAbleToAddMultipleProductToCart" name="VarifyMultipleProductToAddCart" time="0.002">
    <skipped/>
  </testcase> <!-- VarifyMultipleProductToAddCart -->
  <testcase classname="test.VarifyIfCustomerIsAbleToAddProductToCart" name="VarifyTheProductToAddSuccefullyInCart" time="0.0">
    <skipped/>
  </testcase> <!-- VarifyTheProductToAddSuccefullyInCart -->
  <testcase classname="test.VarifyIfCustomerIsAbleToPlace" name="VarifyTheWorkingOfLoginButtonWithValiedMobileNumber" time="0.0">
    <skipped/>
  </testcase> <!-- VarifyTheWorkingOfLoginButtonWithValiedMobileNumber -->
  <testcase classname="test.VerifyProductAreDisplayedSearch" name="varifyAreProductDisplyedInValiedSearch" time="0.0">
    <skipped/>
  </testcase> <!-- varifyAreProductDisplyedInValiedSearch -->
  <testcase classname="test.VerifyProductAreDisplayedSearch" name="varifyAreProductDisplyedValiedSearch" time="0.0">
    <skipped/>
  </testcase> <!-- varifyAreProductDisplyedValiedSearch -->
  <testcase classname="test.VarifyTheCartPage" name="VarifyTheProductToAddSuccefullyInCart" time="0.0">
    <skipped/>
  </testcase> <!-- VarifyTheProductToAddSuccefullyInCart -->
  <testcase classname="test.VarifyLoginOrRegistrationFunctionality" name="VarifyTheWorkingOfLoginButtonWithValiedMobileNumber" time="0.0">
    <skipped/>
  </testcase> <!-- VarifyTheWorkingOfLoginButtonWithValiedMobileNumber -->
  <testcase classname="test.VarifyLoginOrRegistrationFunctionality" name="VarifyTheWorkingOfLoginButtonWithInValiedMobileNumber" time="0.001">
    <skipped/>
  </testcase> <!-- VarifyTheWorkingOfLoginButtonWithInValiedMobileNumber -->
</testsuite> <!-- Chrometest -->
