<?xml version="1.0" encoding="UTF-8"?>
<!-- Generated by org.testng.reporters.JUnitXMLReporter -->
<testsuite ignored="0" hostname="LAPTOP-4FN0AGO1" failures="2" tests="15" name="EdgeTest" time="183.866" errors="0" timestamp="2023-04-05T11:23:34 IST">
  <testcase classname="test.ToVarifyAdressProceedToCkeckOutPage" name="ToVarifyAddressProceedToChekOutPage" time="3.679">
    <failure type="org.openqa.selenium.NoSuchWindowException" message="no such window: target window already closed
from unknown error: web view not found
  (Session info: MicrosoftEdge=111.0.1661.62)
Build info: version: &amp;apos;4.8.1&amp;apos;, revision: &amp;apos;8ebccac989&amp;apos;
System info: os.name: &amp;apos;Windows 11&amp;apos;, os.arch: &amp;apos;amd64&amp;apos;, os.version: &amp;apos;10.0&amp;apos;, java.version: &amp;apos;17.0.5&amp;apos;
Driver info: org.openqa.selenium.edge.EdgeDriver
Command: [df231595ee0e2726793fd25a00f71f75, findElement {using=xpath, value=//div[@id=&amp;apos;productItem1&amp;apos;]}]
Capabilities {acceptInsecureCerts: false, browserName: msedge, browserVersion: 111.0.1661.62, ms:edgeOptions: {debuggerAddress: localhost:52535}, msedge: {msedgedriverVersion: 111.0.1661.62 (0a8f453929e6..., userDataDir: C:\Users\91702\AppData\Loca...}, networkConnectionEnabled: false, pageLoadStrategy: normal, platformName: WINDOWS, proxy: Proxy(), se:cdp: ws://localhost:52535/devtoo..., se:cdpVersion: 111.0.1661.62, setWindowRect: true, strictFileInteractability: false, timeouts: {implicit: 0, pageLoad: 300000, script: 30000}, unhandledPromptBehavior: dismiss and notify, webauthn:extension:credBlob: true, webauthn:extension:largeBlob: true, webauthn:extension:minPinLength: true, webauthn:extension:prf: true, webauthn:virtualAuthenticators: true}
Session ID: df231595ee0e2726793fd25a00f71f75">
      <![CDATA[org.openqa.selenium.NoSuchWindowException: no such window: target window already closed
from unknown error: web view not found
  (Session info: MicrosoftEdge=111.0.1661.62)
Build info: version: '4.8.1', revision: '8ebccac989'
System info: os.name: 'Windows 11', os.arch: 'amd64', os.version: '10.0', java.version: '17.0.5'
Driver info: org.openqa.selenium.edge.EdgeDriver
Command: [df231595ee0e2726793fd25a00f71f75, findElement {using=xpath, value=//div[@id='productItem1']}]
Capabilities {acceptInsecureCerts: false, browserName: msedge, browserVersion: 111.0.1661.62, ms:edgeOptions: {debuggerAddress: localhost:52535}, msedge: {msedgedriverVersion: 111.0.1661.62 (0a8f453929e6..., userDataDir: C:\Users\91702\AppData\Loca...}, networkConnectionEnabled: false, pageLoadStrategy: normal, platformName: WINDOWS, proxy: Proxy(), se:cdp: ws://localhost:52535/devtoo..., se:cdpVersion: 111.0.1661.62, setWindowRect: true, strictFileInteractability: false, timeouts: {implicit: 0, pageLoad: 300000, script: 30000}, unhandledPromptBehavior: dismiss and notify, webauthn:extension:credBlob: true, webauthn:extension:largeBlob: true, webauthn:extension:minPinLength: true, webauthn:extension:prf: true, webauthn:virtualAuthenticators: true}
Session ID: df231595ee0e2726793fd25a00f71f75
at org.openqa.selenium.remote.codec.w3c.W3CHttpResponseCodec.createException(W3CHttpResponseCodec.java:200)
at org.openqa.selenium.remote.codec.w3c.W3CHttpResponseCodec.decode(W3CHttpResponseCodec.java:133)
at org.openqa.selenium.remote.codec.w3c.W3CHttpResponseCodec.decode(W3CHttpResponseCodec.java:53)
at org.openqa.selenium.remote.HttpCommandExecutor.execute(HttpCommandExecutor.java:184)
at org.openqa.selenium.remote.service.DriverCommandExecutor.invokeExecute(DriverCommandExecutor.java:167)
at org.openqa.selenium.remote.service.DriverCommandExecutor.execute(DriverCommandExecutor.java:142)
at org.openqa.selenium.remote.RemoteWebDriver.execute(RemoteWebDriver.java:543)
at org.openqa.selenium.remote.ElementLocation$ElementFinder$2.findElement(ElementLocation.java:162)
at org.openqa.selenium.remote.ElementLocation.findElement(ElementLocation.java:60)
at org.openqa.selenium.remote.RemoteWebDriver.findElement(RemoteWebDriver.java:352)
at org.openqa.selenium.remote.RemoteWebDriver.findElement(RemoteWebDriver.java:344)
at org.openqa.selenium.support.pagefactory.DefaultElementLocator.findElement(DefaultElementLocator.java:70)
at org.openqa.selenium.support.pagefactory.internal.LocatingElementHandler.invoke(LocatingElementHandler.java:39)
at jdk.proxy2/jdk.proxy2.$Proxy16.click(Unknown Source)
at pom.MultipleProductToAddCart.clickOnToProductHomePage(MultipleProductToAddCart.java:46)
at test.ToVarifyAdressProceedToCkeckOutPage.ToVarifyAddressProceedToChekOutPage(ToVarifyAdressProceedToCkeckOutPage.java:30)
at java.base/java.util.ArrayList.forEach(ArrayList.java:1511)
... Removed 32 stack frames]]>
    </failure>
  </testcase> <!-- ToVarifyAddressProceedToChekOutPage -->
  <testcase classname="test.VarifyLogoutPageFeatures" name="VarifyTheWorkingOfLoginButtonWithValiedMobileNumber" time="0.0">
    <skipped/>
  </testcase> <!-- VarifyTheWorkingOfLoginButtonWithValiedMobileNumber -->
  <testcase classname="test.ToVarifyProceedToCheckInCart" name="ToVarifyTheProductChekoutFunctionality" time="0.0">
    <skipped/>
  </testcase> <!-- ToVarifyTheProductChekoutFunctionality -->
  <testcase classname="test.VarifyLoginFeaturesNaaptol" name="VarifyTheWorkingOfLoginButtonWithValiedMobileNumber" time="40.666">
    <failure type="org.openqa.selenium.NoSuchWindowException" message="no such window: target window already closed
from unknown error: web view not found
  (Session info: MicrosoftEdge=111.0.1661.62)
Build info: version: &amp;apos;4.8.1&amp;apos;, revision: &amp;apos;8ebccac989&amp;apos;
System info: os.name: &amp;apos;Windows 11&amp;apos;, os.arch: &amp;apos;amd64&amp;apos;, os.version: &amp;apos;10.0&amp;apos;, java.version: &amp;apos;17.0.5&amp;apos;
Driver info: org.openqa.selenium.edge.EdgeDriver
Command: [f19bda87bc5c1e099e26864aab7bfcac, findElement {using=xpath, value=//input[@id=&amp;apos;registration-otp-panel-submit&amp;apos;]}]
Capabilities {acceptInsecureCerts: false, browserName: msedge, browserVersion: 111.0.1661.62, ms:edgeOptions: {debuggerAddress: localhost:52718}, msedge: {msedgedriverVersion: 111.0.1661.62 (0a8f453929e6..., userDataDir: C:\Users\91702\AppData\Loca...}, networkConnectionEnabled: false, pageLoadStrategy: normal, platformName: WINDOWS, proxy: Proxy(), se:cdp: ws://localhost:52718/devtoo..., se:cdpVersion: 111.0.1661.62, setWindowRect: true, strictFileInteractability: false, timeouts: {implicit: 0, pageLoad: 300000, script: 30000}, unhandledPromptBehavior: dismiss and notify, webauthn:extension:credBlob: true, webauthn:extension:largeBlob: true, webauthn:extension:minPinLength: true, webauthn:extension:prf: true, webauthn:virtualAuthenticators: true}
Session ID: f19bda87bc5c1e099e26864aab7bfcac">
      <![CDATA[org.openqa.selenium.NoSuchWindowException: no such window: target window already closed
from unknown error: web view not found
  (Session info: MicrosoftEdge=111.0.1661.62)
Build info: version: '4.8.1', revision: '8ebccac989'
System info: os.name: 'Windows 11', os.arch: 'amd64', os.version: '10.0', java.version: '17.0.5'
Driver info: org.openqa.selenium.edge.EdgeDriver
Command: [f19bda87bc5c1e099e26864aab7bfcac, findElement {using=xpath, value=//input[@id='registration-otp-panel-submit']}]
Capabilities {acceptInsecureCerts: false, browserName: msedge, browserVersion: 111.0.1661.62, ms:edgeOptions: {debuggerAddress: localhost:52718}, msedge: {msedgedriverVersion: 111.0.1661.62 (0a8f453929e6..., userDataDir: C:\Users\91702\AppData\Loca...}, networkConnectionEnabled: false, pageLoadStrategy: normal, platformName: WINDOWS, proxy: Proxy(), se:cdp: ws://localhost:52718/devtoo..., se:cdpVersion: 111.0.1661.62, setWindowRect: true, strictFileInteractability: false, timeouts: {implicit: 0, pageLoad: 300000, script: 30000}, unhandledPromptBehavior: dismiss and notify, webauthn:extension:credBlob: true, webauthn:extension:largeBlob: true, webauthn:extension:minPinLength: true, webauthn:extension:prf: true, webauthn:virtualAuthenticators: true}
Session ID: f19bda87bc5c1e099e26864aab7bfcac
at org.openqa.selenium.remote.codec.w3c.W3CHttpResponseCodec.createException(W3CHttpResponseCodec.java:200)
at org.openqa.selenium.remote.codec.w3c.W3CHttpResponseCodec.decode(W3CHttpResponseCodec.java:133)
at org.openqa.selenium.remote.codec.w3c.W3CHttpResponseCodec.decode(W3CHttpResponseCodec.java:53)
at org.openqa.selenium.remote.HttpCommandExecutor.execute(HttpCommandExecutor.java:184)
at org.openqa.selenium.remote.service.DriverCommandExecutor.invokeExecute(DriverCommandExecutor.java:167)
at org.openqa.selenium.remote.service.DriverCommandExecutor.execute(DriverCommandExecutor.java:142)
at org.openqa.selenium.remote.RemoteWebDriver.execute(RemoteWebDriver.java:543)
at org.openqa.selenium.remote.ElementLocation$ElementFinder$2.findElement(ElementLocation.java:162)
at org.openqa.selenium.remote.ElementLocation.findElement(ElementLocation.java:60)
at org.openqa.selenium.remote.RemoteWebDriver.findElement(RemoteWebDriver.java:352)
at org.openqa.selenium.remote.RemoteWebDriver.findElement(RemoteWebDriver.java:344)
at org.openqa.selenium.support.pagefactory.DefaultElementLocator.findElement(DefaultElementLocator.java:70)
at org.openqa.selenium.support.pagefactory.internal.LocatingElementHandler.invoke(LocatingElementHandler.java:39)
at jdk.proxy2/jdk.proxy2.$Proxy16.click(Unknown Source)
at pom.LoginPageNaaptol.clickOnSubmitOnLogin(LoginPageNaaptol.java:37)
at test.VarifyLoginFeaturesNaaptol.VarifyTheWorkingOfLoginButtonWithValiedMobileNumber(VarifyLoginFeaturesNaaptol.java:31)
at java.base/java.util.ArrayList.forEach(ArrayList.java:1511)
... Removed 32 stack frames]]>
    </failure>
  </testcase> <!-- VarifyTheWorkingOfLoginButtonWithValiedMobileNumber -->
  <testcase classname="test.VarifyTheAddToCArtButtonOfNaaptol" name="VarifyTheProductToAddSuccefullyInCart" time="0.0">
    <skipped/>
  </testcase> <!-- VarifyTheProductToAddSuccefullyInCart -->
  <testcase classname="test.VarifyTheFeedBackForm" name="varifyGeneralFeedbackRadioButton" time="0.0">
    <skipped/>
  </testcase> <!-- varifyGeneralFeedbackRadioButton -->
  <testcase classname="test.ToVarifyCustomerIsAbleToRemoveProductFromCart" name="toRemoveSuccessfullyProductToCart" time="0.0">
    <skipped/>
  </testcase> <!-- toRemoveSuccessfullyProductToCart -->
  <testcase classname="test.VarifyIfCustomerAbleToAddMultipleProductToCart" name="VarifyMultipleProductToAddCart" time="0.0">
    <skipped/>
  </testcase> <!-- VarifyMultipleProductToAddCart -->
  <testcase classname="test.VarifyIfCustomerIsAbleToAddProductToCart" name="VarifyTheProductToAddSuccefullyInCart" time="0.0">
    <skipped/>
  </testcase> <!-- VarifyTheProductToAddSuccefullyInCart -->
  <testcase classname="test.VarifyIfCustomerIsAbleToPlace" name="VarifyTheWorkingOfLoginButtonWithValiedMobileNumber" time="0.0">
    <skipped/>
  </testcase> <!-- VarifyTheWorkingOfLoginButtonWithValiedMobileNumber -->
  <testcase classname="test.VerifyProductAreDisplayedSearch" name="varifyAreProductDisplyedInValiedSearch" time="0.0">
    <skipped/>
  </testcase> <!-- varifyAreProductDisplyedInValiedSearch -->
  <testcase classname="test.VerifyProductAreDisplayedSearch" name="varifyAreProductDisplyedValiedSearch" time="0.0">
    <skipped/>
  </testcase> <!-- varifyAreProductDisplyedValiedSearch -->
  <testcase classname="test.VarifyTheCartPage" name="VarifyTheProductToAddSuccefullyInCart" time="0.0">
    <skipped/>
  </testcase> <!-- VarifyTheProductToAddSuccefullyInCart -->
  <testcase classname="test.VarifyLoginOrRegistrationFunctionality" name="VarifyTheWorkingOfLoginButtonWithValiedMobileNumber" time="0.0">
    <skipped/>
  </testcase> <!-- VarifyTheWorkingOfLoginButtonWithValiedMobileNumber -->
  <testcase classname="test.VarifyLoginOrRegistrationFunctionality" name="VarifyTheWorkingOfLoginButtonWithInValiedMobileNumber" time="0.0">
    <skipped/>
  </testcase> <!-- VarifyTheWorkingOfLoginButtonWithInValiedMobileNumber -->
</testsuite> <!-- EdgeTest -->
